# JRE version: OpenJDK Runtime Environment Temurin-21.0.9+10 (21.0.9+10) (build 21.0.9+10-LTS)
# Java VM: OpenJDK 64-Bit Server VM Temurin-21.0.9+10 (21.0.9+10-LTS, mixed mode, sharing, tiered, compressed oops, compressed class ptrs, parallel gc, windows-amd64)
GC Precious Log:
 CardTable entry size: 512
 CPUs: 12 total, 12 available
 Memory: 16155M
 Large Page Support: Disabled
 NUMA Support: Disabled
 Compressed Oops: Enabled (32-bit)
 Alignments: Space 512K, Generation 512K, Heap 2M
 Heap Min Capacity: 100M
 Heap Initial Capacity: 100M
 Heap Max Capacity: 2G
 Pre-touch: Disabled
 Parallel Workers: 10
Heap:
 PSYoungGen      total 9728K, used 5553K [0x00000000d5580000, 0x00000000d6700000, 0x0000000100000000)
  eden space 6144K, 33% used [0x00000000d5580000,0x00000000d577c738,0x00000000d5b80000)
  from space 3584K, 98% used [0x00000000d6380000,0x00000000d66f0030,0x00000000d6700000)
  to   space 5120K, 0% used [0x00000000d5d00000,0x00000000d5d00000,0x00000000d6200000)
 ParOldGen       total 516608K, used 516253K [0x0000000080000000, 0x000000009f880000, 0x00000000d5580000)
  object space 516608K, 99% used [0x0000000080000000,0x000000009f827418,0x000000009f880000)
 Metaspace       used 67961K, committed 69376K, reserved 1114112K
  class space    used 7276K, committed 7872K, reserved 1048576K
GC Heap History (20 events):
Event: 22.194 GC heap before
{Heap before GC invocations=358 (full 3):
 PSYoungGen      total 3584K, used 3136K [0x00000000d5580000, 0x00000000d5b80000, 0x0000000100000000)
  eden space 2048K, 100% used [0x00000000d5580000,0x00000000d5780000,0x00000000d5780000)
  from space 1536K, 70% used [0x00000000d5a00000,0x00000000d5b10000,0x00000000d5b80000)
  to   space 1536K, 0% used [0x00000000d5880000,0x00000000d5880000,0x00000000d5a00000)
 ParOldGen       total 496640K, used 496359K [0x0000000080000000, 0x000000009e500000, 0x00000000d5580000)
  object space 496640K, 99% used [0x0000000080000000,0x000000009e4b9d40,0x000000009e500000)
 Metaspace       used 67329K, committed 68800K, reserved 1114112K
  class space    used 7223K, committed 7808K, reserved 1048576K
}
Event: 22.195 GC heap after
{Heap after GC invocations=358 (full 3):
 PSYoungGen      total 4096K, used 1472K [0x00000000d5580000, 0x00000000d5c00000, 0x0000000100000000)
  eden space 2560K, 0% used [0x00000000d5580000,0x00000000d5580000,0x00000000d5800000)
  from space 1536K, 95% used [0x00000000d5880000,0x00000000d59f0000,0x00000000d5a00000)
  to   space 2048K, 0% used [0x00000000d5a00000,0x00000000d5a00000,0x00000000d5c00000)
 ParOldGen       total 497664K, used 497351K [0x0000000080000000, 0x000000009e600000, 0x00000000d5580000)
  object space 497664K, 99% used [0x0000000080000000,0x000000009e5b1d40,0x000000009e600000)
 Metaspace       used 67329K, committed 68800K, reserved 1114112K
  class space    used 7223K, committed 7808K, reserved 1048576K
}
Event: 22.201 GC heap before
{Heap before GC invocations=359 (full 3):
 PSYoungGen      total 4096K, used 4032K [0x00000000d5580000, 0x00000000d5c00000, 0x0000000100000000)
  eden space 2560K, 100% used [0x00000000d5580000,0x00000000d5800000,0x00000000d5800000)
  from space 1536K, 95% used [0x00000000d5880000,0x00000000d59f0000,0x00000000d5a00000)
  to   space 2048K, 0% used [0x00000000d5a00000,0x00000000d5a00000,0x00000000d5c00000)
 ParOldGen       total 497664K, used 497351K [0x0000000080000000, 0x000000009e600000, 0x00000000d5580000)
  object space 497664K, 99% used [0x0000000080000000,0x000000009e5b1d40,0x000000009e600000)
 Metaspace       used 67396K, committed 68864K, reserved 1114112K
  class space    used 7226K, committed 7808K, reserved 1048576K
}
Event: 22.202 GC heap after
{Heap after GC invocations=359 (full 3):
 PSYoungGen      total 4608K, used 1504K [0x00000000d5580000, 0x00000000d5b80000, 0x0000000100000000)
  eden space 3072K, 0% used [0x00000000d5580000,0x00000000d5580000,0x00000000d5880000)
  from space 1536K, 97% used [0x00000000d5a00000,0x00000000d5b78000,0x00000000d5b80000)
  to   space 1536K, 0% used [0x00000000d5880000,0x00000000d5880000,0x00000000d5a00000)
 ParOldGen       total 498688K, used 498631K [0x0000000080000000, 0x000000009e700000, 0x00000000d5580000)
  object space 498688K, 99% used [0x0000000080000000,0x000000009e6f1d40,0x000000009e700000)
 Metaspace       used 67396K, committed 68864K, reserved 1114112K
  class space    used 7226K, committed 7808K, reserved 1048576K
}
Event: 22.209 GC heap before
{Heap before GC invocations=360 (full 3):
 PSYoungGen      total 4608K, used 4521K [0x00000000d5580000, 0x00000000d5b80000, 0x0000000100000000)
  eden space 3072K, 98% used [0x00000000d5580000,0x00000000d58727b0,0x00000000d5880000)
  from space 1536K, 97% used [0x00000000d5a00000,0x00000000d5b78000,0x00000000d5b80000)
  to   space 1536K, 0% used [0x00000000d5880000,0x00000000d5880000,0x00000000d5a00000)
 ParOldGen       total 498688K, used 498631K [0x0000000080000000, 0x000000009e700000, 0x00000000d5580000)
  object space 498688K, 99% used [0x0000000080000000,0x000000009e6f1d40,0x000000009e700000)
 Metaspace       used 67451K, committed 68864K, reserved 1114112K
  class space    used 7238K, committed 7808K, reserved 1048576K
}
Event: 22.211 GC heap after
{Heap after GC invocations=360 (full 3):
 PSYoungGen      total 4608K, used 1536K [0x00000000d5580000, 0x00000000d6080000, 0x0000000100000000)
  eden space 3072K, 0% used [0x00000000d5580000,0x00000000d5580000,0x00000000d5880000)
  from space 1536K, 100% used [0x00000000d5880000,0x00000000d5a00000,0x00000000d5a00000)
  to   space 3584K, 0% used [0x00000000d5d00000,0x00000000d5d00000,0x00000000d6080000)
 ParOldGen       total 500736K, used 500263K [0x0000000080000000, 0x000000009e900000, 0x00000000d5580000)
  object space 500736K, 99% used [0x0000000080000000,0x000000009e889d40,0x000000009e900000)
 Metaspace       used 67451K, committed 68864K, reserved 1114112K
  class space    used 7238K, committed 7808K, reserved 1048576K
}
Event: 22.216 GC heap before
{Heap before GC invocations=361 (full 3):
 PSYoungGen      total 4608K, used 4563K [0x00000000d5580000, 0x00000000d6080000, 0x0000000100000000)
  eden space 3072K, 98% used [0x00000000d5580000,0x00000000d5874f30,0x00000000d5880000)
  from space 1536K, 100% used [0x00000000d5880000,0x00000000d5a00000,0x00000000d5a00000)
  to   space 3584K, 0% used [0x00000000d5d00000,0x00000000d5d00000,0x00000000d6080000)
 ParOldGen       total 500736K, used 500263K [0x0000000080000000, 0x000000009e900000, 0x00000000d5580000)
  object space 500736K, 99% used [0x0000000080000000,0x000000009e889d40,0x000000009e900000)
 Metaspace       used 67479K, committed 68928K, reserved 1114112K
  class space    used 7242K, committed 7808K, reserved 1048576K
}
Event: 22.217 GC heap after
{Heap after GC invocations=361 (full 3):
 PSYoungGen      total 6144K, used 1713K [0x00000000d5580000, 0x00000000d5f00000, 0x0000000100000000)
  eden space 4096K, 0% used [0x00000000d5580000,0x00000000d5580000,0x00000000d5980000)
  from space 2048K, 83% used [0x00000000d5d00000,0x00000000d5eac6f0,0x00000000d5f00000)
  to   space 2560K, 0% used [0x00000000d5a00000,0x00000000d5a00000,0x00000000d5c80000)
 ParOldGen       total 501760K, used 501751K [0x0000000080000000, 0x000000009ea00000, 0x00000000d5580000)
  object space 501760K, 99% used [0x0000000080000000,0x000000009e9fdd40,0x000000009ea00000)
 Metaspace       used 67479K, committed 68928K, reserved 1114112K
  class space    used 7242K, committed 7808K, reserved 1048576K
}
Event: 22.223 GC heap before
{Heap before GC invocations=362 (full 3):
 PSYoungGen      total 6144K, used 5809K [0x00000000d5580000, 0x00000000d5f00000, 0x0000000100000000)
  eden space 4096K, 100% used [0x00000000d5580000,0x00000000d5980000,0x00000000d5980000)
  from space 2048K, 83% used [0x00000000d5d00000,0x00000000d5eac6f0,0x00000000d5f00000)
  to   space 2560K, 0% used [0x00000000d5a00000,0x00000000d5a00000,0x00000000d5c80000)
 ParOldGen       total 501760K, used 501751K [0x0000000080000000, 0x000000009ea00000, 0x00000000d5580000)
  object space 501760K, 99% used [0x0000000080000000,0x000000009e9fdd40,0x000000009ea00000)
 Metaspace       used 67486K, committed 68928K, reserved 1114112K
  class space    used 7242K, committed 7808K, reserved 1048576K
}
Event: 22.225 GC heap after
{Heap after GC invocations=362 (full 3):
 PSYoungGen      total 7168K, used 2103K [0x00000000d5580000, 0x00000000d5f80000, 0x0000000100000000)
  eden space 4608K, 0% used [0x00000000d5580000,0x00000000d5580000,0x00000000d5a00000)
  from space 2560K, 82% used [0x00000000d5a00000,0x00000000d5c0dd90,0x00000000d5c80000)
  to   space 2560K, 0% used [0x00000000d5d00000,0x00000000d5d00000,0x00000000d5f80000)
 ParOldGen       total 503808K, used 503394K [0x0000000080000000, 0x000000009ec00000, 0x00000000d5580000)
  object space 503808K, 99% used [0x0000000080000000,0x000000009eb98b20,0x000000009ec00000)
 Metaspace       used 67486K, committed 68928K, reserved 1114112K
  class space    used 7242K, committed 7808K, reserved 1048576K
}
Event: 22.230 GC heap before
{Heap before GC invocations=363 (full 3):
 PSYoungGen      total 7168K, used 6711K [0x00000000d5580000, 0x00000000d5f80000, 0x0000000100000000)
  eden space 4608K, 100% used [0x00000000d5580000,0x00000000d5a00000,0x00000000d5a00000)
  from space 2560K, 82% used [0x00000000d5a00000,0x00000000d5c0dd90,0x00000000d5c80000)
  to   space 2560K, 0% used [0x00000000d5d00000,0x00000000d5d00000,0x00000000d5f80000)
 ParOldGen       total 503808K, used 503394K [0x0000000080000000, 0x000000009ec00000, 0x00000000d5580000)
  object space 503808K, 99% used [0x0000000080000000,0x000000009eb98b20,0x000000009ec00000)
 Metaspace       used 67501K, committed 68928K, reserved 1114112K
  class space    used 7242K, committed 7808K, reserved 1048576K
}
Event: 22.232 GC heap after
{Heap after GC invocations=363 (full 3):
 PSYoungGen      total 7680K, used 2235K [0x00000000d5580000, 0x00000000d6000000, 0x0000000100000000)
  eden space 5120K, 0% used [0x00000000d5580000,0x00000000d5580000,0x00000000d5a80000)
  from space 2560K, 87% used [0x00000000d5d00000,0x00000000d5f2eea0,0x00000000d5f80000)
  to   space 2560K, 0% used [0x00000000d5a80000,0x00000000d5a80000,0x00000000d5d00000)
 ParOldGen       total 505344K, used 504894K [0x0000000080000000, 0x000000009ed80000, 0x00000000d5580000)
  object space 505344K, 99% used [0x0000000080000000,0x000000009ed0f900,0x000000009ed80000)
 Metaspace       used 67501K, committed 68928K, reserved 1114112K
  class space    used 7242K, committed 7808K, reserved 1048576K
}
Event: 22.242 GC heap before
{Heap before GC invocations=364 (full 3):
 PSYoungGen      total 7680K, used 7355K [0x00000000d5580000, 0x00000000d6000000, 0x0000000100000000)
  eden space 5120K, 100% used [0x00000000d5580000,0x00000000d5a80000,0x00000000d5a80000)
  from space 2560K, 87% used [0x00000000d5d00000,0x00000000d5f2eea0,0x00000000d5f80000)
  to   space 2560K, 0% used [0x00000000d5a80000,0x00000000d5a80000,0x00000000d5d00000)
 ParOldGen       total 505344K, used 504894K [0x0000000080000000, 0x000000009ed80000, 0x00000000d5580000)
  object space 505344K, 99% used [0x0000000080000000,0x000000009ed0f900,0x000000009ed80000)
 Metaspace       used 67687K, committed 69056K, reserved 1114112K
  class space    used 7254K, committed 7808K, reserved 1048576K
}
Event: 22.244 GC heap after
{Heap after GC invocations=364 (full 3):
 PSYoungGen      total 7680K, used 2558K [0x00000000d5580000, 0x00000000d6480000, 0x0000000100000000)
  eden space 5120K, 0% used [0x00000000d5580000,0x00000000d5580000,0x00000000d5a80000)
  from space 2560K, 99% used [0x00000000d5a80000,0x00000000d5cffb18,0x00000000d5d00000)
  to   space 4608K, 0% used [0x00000000d6000000,0x00000000d6000000,0x00000000d6480000)
 ParOldGen       total 506368K, used 506342K [0x0000000080000000, 0x000000009ee80000, 0x00000000d5580000)
  object space 506368K, 99% used [0x0000000080000000,0x000000009ee79900,0x000000009ee80000)
 Metaspace       used 67687K, committed 69056K, reserved 1114112K
  class space    used 7254K, committed 7808K, reserved 1048576K
}
Event: 22.255 GC heap before
{Heap before GC invocations=365 (full 3):
 PSYoungGen      total 7680K, used 7678K [0x00000000d5580000, 0x00000000d6480000, 0x0000000100000000)
  eden space 5120K, 100% used [0x00000000d5580000,0x00000000d5a80000,0x00000000d5a80000)
  from space 2560K, 99% used [0x00000000d5a80000,0x00000000d5cffb18,0x00000000d5d00000)
  to   space 4608K, 0% used [0x00000000d6000000,0x00000000d6000000,0x00000000d6480000)
 ParOldGen       total 506368K, used 506342K [0x0000000080000000, 0x000000009ee80000, 0x00000000d5580000)
  object space 506368K, 99% used [0x0000000080000000,0x000000009ee79900,0x000000009ee80000)
 Metaspace       used 67775K, committed 69184K, reserved 1114112K
  class space    used 7264K, committed 7872K, reserved 1048576K
}
Event: 22.258 GC heap after
{Heap after GC invocations=365 (full 3):
 PSYoungGen      total 9728K, used 3168K [0x00000000d5580000, 0x00000000d6380000, 0x0000000100000000)
  eden space 6144K, 0% used [0x00000000d5580000,0x00000000d5580000,0x00000000d5b80000)
  from space 3584K, 88% used [0x00000000d6000000,0x00000000d6318000,0x00000000d6380000)
  to   space 3584K, 0% used [0x00000000d5c80000,0x00000000d5c80000,0x00000000d6000000)
 ParOldGen       total 508928K, used 508861K [0x0000000080000000, 0x000000009f100000, 0x00000000d5580000)
  object space 508928K, 99% used [0x0000000080000000,0x000000009f0ef418,0x000000009f100000)
 Metaspace       used 67775K, committed 69184K, reserved 1114112K
  class space    used 7264K, committed 7872K, reserved 1048576K
}
Event: 22.274 GC heap before
{Heap before GC invocations=366 (full 3):
 PSYoungGen      total 9728K, used 9312K [0x00000000d5580000, 0x00000000d6380000, 0x0000000100000000)
  eden space 6144K, 100% used [0x00000000d5580000,0x00000000d5b80000,0x00000000d5b80000)
  from space 3584K, 88% used [0x00000000d6000000,0x00000000d6318000,0x00000000d6380000)
  to   space 3584K, 0% used [0x00000000d5c80000,0x00000000d5c80000,0x00000000d6000000)
 ParOldGen       total 508928K, used 508861K [0x0000000080000000, 0x000000009f100000, 0x00000000d5580000)
  object space 508928K, 99% used [0x0000000080000000,0x000000009f0ef418,0x000000009f100000)
 Metaspace       used 67775K, committed 69184K, reserved 1114112K
  class space    used 7264K, committed 7872K, reserved 1048576K
}
Event: 22.277 GC heap after
{Heap after GC invocations=366 (full 3):
 PSYoungGen      total 9728K, used 3584K [0x00000000d5580000, 0x00000000d6b80000, 0x0000000100000000)
  eden space 6144K, 0% used [0x00000000d5580000,0x00000000d5580000,0x00000000d5b80000)
  from space 3584K, 100% used [0x00000000d5c80000,0x00000000d6000000,0x00000000d6000000)
  to   space 8192K, 0% used [0x00000000d6380000,0x00000000d6380000,0x00000000d6b80000)
 ParOldGen       total 513024K, used 512629K [0x0000000080000000, 0x000000009f500000, 0x00000000d5580000)
  object space 513024K, 99% used [0x0000000080000000,0x000000009f49d418,0x000000009f500000)
 Metaspace       used 67775K, committed 69184K, reserved 1114112K
  class space    used 7264K, committed 7872K, reserved 1048576K
}
Event: 31.097 GC heap before
{Heap before GC invocations=367 (full 3):
 PSYoungGen      total 9728K, used 9728K [0x00000000d5580000, 0x00000000d6b80000, 0x0000000100000000)
  eden space 6144K, 100% used [0x00000000d5580000,0x00000000d5b80000,0x00000000d5b80000)
  from space 3584K, 100% used [0x00000000d5c80000,0x00000000d6000000,0x00000000d6000000)
  to   space 8192K, 0% used [0x00000000d6380000,0x00000000d6380000,0x00000000d6b80000)
 ParOldGen       total 513024K, used 512629K [0x0000000080000000, 0x000000009f500000, 0x00000000d5580000)
  object space 513024K, 99% used [0x0000000080000000,0x000000009f49d418,0x000000009f500000)
 Metaspace       used 67853K, committed 69312K, reserved 1114112K
  class space    used 7265K, committed 7872K, reserved 1048576K
}
Event: 31.101 GC heap after
{Heap after GC invocations=367 (full 3):
 PSYoungGen      total 9728K, used 3520K [0x00000000d5580000, 0x00000000d6700000, 0x0000000100000000)
  eden space 6144K, 0% used [0x00000000d5580000,0x00000000d5580000,0x00000000d5b80000)
  from space 3584K, 98% used [0x00000000d6380000,0x00000000d66f0030,0x00000000d6700000)
  to   space 5120K, 0% used [0x00000000d5d00000,0x00000000d5d00000,0x00000000d6200000)
 ParOldGen       total 516608K, used 516253K [0x0000000080000000, 0x000000009f880000, 0x00000000d5580000)
  object space 516608K, 99% used [0x0000000080000000,0x000000009f827418,0x000000009f880000)
 Metaspace       used 67853K, committed 69312K, reserved 1114112K
  class space    used 7265K, committed 7872K, reserved 1048576K
}

